<?xml version="1.0" encoding="UTF-8"?>
<testsuite name="org.hyperskill.photoeditor.Stage1UnitTest" tests="4" skipped="0" failures="0" errors="0" timestamp="2025-01-12T19:38:48" hostname="MacBook-Air-Wioleta.local" time="0.842">
  <properties/>
  <testcase name="test01_checkImageView" classname="org.hyperskill.photoeditor.Stage1UnitTest" time="0.205"/>
  <testcase name="test02_checkButtonGallery" classname="org.hyperskill.photoeditor.Stage1UnitTest" time="0.188"/>
  <testcase name="test03_checkButtonOpensGallery" classname="org.hyperskill.photoeditor.Stage1UnitTest" time="0.266"/>
  <testcase name="test04_checkButtonLoadsImage" classname="org.hyperskill.photoeditor.Stage1UnitTest" time="0.182"/>
  <system-out><![CDATA[]]></system-out>
  <system-err><![CDATA[]]></system-err>
</testsuite>
