<?xml version="1.0" encoding="UTF-8"?>
<testsuite name="org.hyperskill.photoeditor.Stage3UnitTest" tests="4" skipped="0" failures="0" errors="0" timestamp="2025-01-15T20:13:25" hostname="MacBook-Air-Wioleta.local" time="0.268">
  <properties/>
  <testcase name="test01_checkButtonSave" classname="org.hyperskill.photoeditor.Stage3UnitTest" time="0.049"/>
  <testcase name="test02_checkPermissionWasAsked" classname="org.hyperskill.photoeditor.Stage3UnitTest" time="0.049"/>
  <testcase name="test03_checkBitmapIsSaved" classname="org.hyperskill.photoeditor.Stage3UnitTest" time="0.085"/>
  <testcase name="test04_checkBitmapIsSavedAfterPermissionIsGranted" classname="org.hyperskill.photoeditor.Stage3UnitTest" time="0.085"/>
  <system-out><![CDATA[]]></system-out>
  <system-err><![CDATA[]]></system-err>
</testsuite>
