<?xml version="1.0" encoding="UTF-8"?>
<testsuite name="org.hyperskill.photoeditor.Stage4UnitTest" tests="9" skipped="0" failures="7" errors="0" timestamp="2025-01-12T19:38:41" hostname="MacBook-Air-Wioleta.local" time="6.732">
  <properties/>
  <testcase name="test01_checkSliderContrast" classname="org.hyperskill.photoeditor.Stage4UnitTest" time="4.337"/>
  <testcase name="test02_checkSliderContrastNotCrashingByDefault" classname="org.hyperskill.photoeditor.Stage4UnitTest" time="0.17"/>
  <testcase name="test03_checkContrastOnlyWithHint" classname="org.hyperskill.photoeditor.Stage4UnitTest" time="0.304">
    <failure message="java.lang.AssertionError: Wrong values after filters been applied. For x=90, y=80, avgBrightness=129, cAlpha=0.4782 expected: &lt;(129, 143, 158)&gt; actual: &lt;(129, 129, 129)&gt;" type="java.lang.AssertionError">java.lang.AssertionError: Wrong values after filters been applied. For x=90, y=80, avgBrightness=129, cAlpha=0.4782 expected: &lt;(129, 143, 158)&gt; actual: &lt;(129, 129, 129)&gt;
	at org.junit.Assert.fail(Assert.java:89)
	at org.junit.Assert.assertTrue(Assert.java:42)
	at org.hyperskill.photoeditor.internals.PhotoEditorUnitTest.assertColorsValues(PhotoEditorUnitTest.kt:107)
	at org.hyperskill.photoeditor.Stage4UnitTest$test03_checkContrastOnlyWithHint$1.invoke(Stage4UnitTest.kt:63)
	at org.hyperskill.photoeditor.Stage4UnitTest$test03_checkContrastOnlyWithHint$1.invoke(Stage4UnitTest.kt:47)
	at org.hyperskill.photoeditor.internals.AbstractUnitTest.testActivity(AbstractUnitTest.kt:94)
	at org.hyperskill.photoeditor.internals.AbstractUnitTest.testActivity$default(AbstractUnitTest.kt:77)
	at org.hyperskill.photoeditor.Stage4UnitTest.test03_checkContrastOnlyWithHint(Stage4UnitTest.kt:47)
	at java.base/jdk.internal.reflect.DirectMethodHandleAccessor.invoke(DirectMethodHandleAccessor.java:103)
	at java.base/java.lang.reflect.Method.invoke(Method.java:580)
	at org.junit.runners.model.FrameworkMethod$1.runReflectiveCall(FrameworkMethod.java:59)
	at org.junit.internal.runners.model.ReflectiveCallable.run(ReflectiveCallable.java:12)
	at org.junit.runners.model.FrameworkMethod.invokeExplosively(FrameworkMethod.java:56)
	at org.junit.internal.runners.statements.InvokeMethod.evaluate(InvokeMethod.java:17)
	at org.junit.runners.ParentRunner$3.evaluate(ParentRunner.java:306)
	at org.robolectric.RobolectricTestRunner$HelperTestRunner$1.evaluate(RobolectricTestRunner.java:502)
	at org.robolectric.internal.SandboxTestRunner$2.lambda$evaluate$2(SandboxTestRunner.java:285)
	at org.robolectric.internal.bytecode.Sandbox.lambda$runOnMainThread$0(Sandbox.java:104)
	at java.base/java.util.concurrent.FutureTask.run(FutureTask.java:317)
	at java.base/java.util.concurrent.ThreadPoolExecutor.runWorker(ThreadPoolExecutor.java:1144)
	at java.base/java.util.concurrent.ThreadPoolExecutor$Worker.run(ThreadPoolExecutor.java:642)
	at java.base/java.lang.Thread.run(Thread.java:1583)
</failure>
  </testcase>
  <testcase name="test04_checkContrastOnlyWithoutHint" classname="org.hyperskill.photoeditor.Stage4UnitTest" time="0.329">
    <failure message="java.lang.AssertionError: Wrong values after filters been applied. For x=90, y=80 expected: &lt;(131, 193, 255)&gt; actual: &lt;(131, 191, 251)&gt;" type="java.lang.AssertionError">java.lang.AssertionError: Wrong values after filters been applied. For x=90, y=80 expected: &lt;(131, 193, 255)&gt; actual: &lt;(131, 191, 251)&gt;
	at org.junit.Assert.fail(Assert.java:89)
	at org.junit.Assert.assertTrue(Assert.java:42)
	at org.hyperskill.photoeditor.internals.PhotoEditorUnitTest.assertColorsValues(PhotoEditorUnitTest.kt:108)
	at org.hyperskill.photoeditor.Stage4UnitTest$test04_checkContrastOnlyWithoutHint$1.invoke(Stage4UnitTest.kt:90)
	at org.hyperskill.photoeditor.Stage4UnitTest$test04_checkContrastOnlyWithoutHint$1.invoke(Stage4UnitTest.kt:74)
	at org.hyperskill.photoeditor.internals.AbstractUnitTest.testActivity(AbstractUnitTest.kt:94)
	at org.hyperskill.photoeditor.internals.AbstractUnitTest.testActivity$default(AbstractUnitTest.kt:77)
	at org.hyperskill.photoeditor.Stage4UnitTest.test04_checkContrastOnlyWithoutHint(Stage4UnitTest.kt:74)
	at java.base/jdk.internal.reflect.DirectMethodHandleAccessor.invoke(DirectMethodHandleAccessor.java:103)
	at java.base/java.lang.reflect.Method.invoke(Method.java:580)
	at org.junit.runners.model.FrameworkMethod$1.runReflectiveCall(FrameworkMethod.java:59)
	at org.junit.internal.runners.model.ReflectiveCallable.run(ReflectiveCallable.java:12)
	at org.junit.runners.model.FrameworkMethod.invokeExplosively(FrameworkMethod.java:56)
	at org.junit.internal.runners.statements.InvokeMethod.evaluate(InvokeMethod.java:17)
	at org.junit.runners.ParentRunner$3.evaluate(ParentRunner.java:306)
	at org.robolectric.RobolectricTestRunner$HelperTestRunner$1.evaluate(RobolectricTestRunner.java:502)
	at org.robolectric.internal.SandboxTestRunner$2.lambda$evaluate$2(SandboxTestRunner.java:285)
	at org.robolectric.internal.bytecode.Sandbox.lambda$runOnMainThread$0(Sandbox.java:104)
	at java.base/java.util.concurrent.FutureTask.run(FutureTask.java:317)
	at java.base/java.util.concurrent.ThreadPoolExecutor.runWorker(ThreadPoolExecutor.java:1144)
	at java.base/java.util.concurrent.ThreadPoolExecutor$Worker.run(ThreadPoolExecutor.java:642)
	at java.base/java.lang.Thread.run(Thread.java:1583)
</failure>
  </testcase>
  <testcase name="test05_checkBrightnessBeforeContrastWithHint" classname="org.hyperskill.photoeditor.Stage4UnitTest" time="0.3">
    <failure message="java.lang.AssertionError: Wrong values after filters been applied. For x=90, y=80, avgBrightness=139, cAlpha=0.5223 expected: &lt;(139, 155, 170)&gt; actual: &lt;(129, 129, 129)&gt;" type="java.lang.AssertionError">java.lang.AssertionError: Wrong values after filters been applied. For x=90, y=80, avgBrightness=139, cAlpha=0.5223 expected: &lt;(139, 155, 170)&gt; actual: &lt;(129, 129, 129)&gt;
	at org.junit.Assert.fail(Assert.java:89)
	at org.junit.Assert.assertTrue(Assert.java:42)
	at org.hyperskill.photoeditor.internals.PhotoEditorUnitTest.assertColorsValues(PhotoEditorUnitTest.kt:106)
	at org.hyperskill.photoeditor.Stage4UnitTest$test05_checkBrightnessBeforeContrastWithHint$1.invoke(Stage4UnitTest.kt:119)
	at org.hyperskill.photoeditor.Stage4UnitTest$test05_checkBrightnessBeforeContrastWithHint$1.invoke(Stage4UnitTest.kt:101)
	at org.hyperskill.photoeditor.internals.AbstractUnitTest.testActivity(AbstractUnitTest.kt:94)
	at org.hyperskill.photoeditor.internals.AbstractUnitTest.testActivity$default(AbstractUnitTest.kt:77)
	at org.hyperskill.photoeditor.Stage4UnitTest.test05_checkBrightnessBeforeContrastWithHint(Stage4UnitTest.kt:101)
	at java.base/jdk.internal.reflect.DirectMethodHandleAccessor.invoke(DirectMethodHandleAccessor.java:103)
	at java.base/java.lang.reflect.Method.invoke(Method.java:580)
	at org.junit.runners.model.FrameworkMethod$1.runReflectiveCall(FrameworkMethod.java:59)
	at org.junit.internal.runners.model.ReflectiveCallable.run(ReflectiveCallable.java:12)
	at org.junit.runners.model.FrameworkMethod.invokeExplosively(FrameworkMethod.java:56)
	at org.junit.internal.runners.statements.InvokeMethod.evaluate(InvokeMethod.java:17)
	at org.junit.runners.ParentRunner$3.evaluate(ParentRunner.java:306)
	at org.robolectric.RobolectricTestRunner$HelperTestRunner$1.evaluate(RobolectricTestRunner.java:502)
	at org.robolectric.internal.SandboxTestRunner$2.lambda$evaluate$2(SandboxTestRunner.java:285)
	at org.robolectric.internal.bytecode.Sandbox.lambda$runOnMainThread$0(Sandbox.java:104)
	at java.base/java.util.concurrent.FutureTask.run(FutureTask.java:317)
	at java.base/java.util.concurrent.ThreadPoolExecutor.runWorker(ThreadPoolExecutor.java:1144)
	at java.base/java.util.concurrent.ThreadPoolExecutor$Worker.run(ThreadPoolExecutor.java:642)
	at java.base/java.lang.Thread.run(Thread.java:1583)
</failure>
  </testcase>
  <testcase name="test06_checkBrightnessBeforeContrastWithoutHint" classname="org.hyperskill.photoeditor.Stage4UnitTest" time="0.312">
    <failure message="java.lang.AssertionError: Wrong values after filters been applied. For x=90, y=80 expected: &lt;(149, 177, 205)&gt; actual: &lt;(129, 129, 129)&gt;" type="java.lang.AssertionError">java.lang.AssertionError: Wrong values after filters been applied. For x=90, y=80 expected: &lt;(149, 177, 205)&gt; actual: &lt;(129, 129, 129)&gt;
	at org.junit.Assert.fail(Assert.java:89)
	at org.junit.Assert.assertTrue(Assert.java:42)
	at org.hyperskill.photoeditor.internals.PhotoEditorUnitTest.assertColorsValues(PhotoEditorUnitTest.kt:106)
	at org.hyperskill.photoeditor.Stage4UnitTest$test06_checkBrightnessBeforeContrastWithoutHint$1.invoke(Stage4UnitTest.kt:142)
	at org.hyperskill.photoeditor.Stage4UnitTest$test06_checkBrightnessBeforeContrastWithoutHint$1.invoke(Stage4UnitTest.kt:125)
	at org.hyperskill.photoeditor.internals.AbstractUnitTest.testActivity(AbstractUnitTest.kt:94)
	at org.hyperskill.photoeditor.internals.AbstractUnitTest.testActivity$default(AbstractUnitTest.kt:77)
	at org.hyperskill.photoeditor.Stage4UnitTest.test06_checkBrightnessBeforeContrastWithoutHint(Stage4UnitTest.kt:125)
	at java.base/jdk.internal.reflect.DirectMethodHandleAccessor.invoke(DirectMethodHandleAccessor.java:103)
	at java.base/java.lang.reflect.Method.invoke(Method.java:580)
	at org.junit.runners.model.FrameworkMethod$1.runReflectiveCall(FrameworkMethod.java:59)
	at org.junit.internal.runners.model.ReflectiveCallable.run(ReflectiveCallable.java:12)
	at org.junit.runners.model.FrameworkMethod.invokeExplosively(FrameworkMethod.java:56)
	at org.junit.internal.runners.statements.InvokeMethod.evaluate(InvokeMethod.java:17)
	at org.junit.runners.ParentRunner$3.evaluate(ParentRunner.java:306)
	at org.robolectric.RobolectricTestRunner$HelperTestRunner$1.evaluate(RobolectricTestRunner.java:502)
	at org.robolectric.internal.SandboxTestRunner$2.lambda$evaluate$2(SandboxTestRunner.java:285)
	at org.robolectric.internal.bytecode.Sandbox.lambda$runOnMainThread$0(Sandbox.java:104)
	at java.base/java.util.concurrent.FutureTask.run(FutureTask.java:317)
	at java.base/java.util.concurrent.ThreadPoolExecutor.runWorker(ThreadPoolExecutor.java:1144)
	at java.base/java.util.concurrent.ThreadPoolExecutor$Worker.run(ThreadPoolExecutor.java:642)
	at java.base/java.lang.Thread.run(Thread.java:1583)
</failure>
  </testcase>
  <testcase name="test07_checkBrightnessBeforeContrastWiderSample" classname="org.hyperskill.photoeditor.Stage4UnitTest" time="0.343">
    <failure message="java.lang.AssertionError: Wrong values after filters been applied. For x=10, y=40 expected: &lt;(0, 118, 232)&gt; actual: &lt;(0, 111, 211)&gt;" type="java.lang.AssertionError">java.lang.AssertionError: Wrong values after filters been applied. For x=10, y=40 expected: &lt;(0, 118, 232)&gt; actual: &lt;(0, 111, 211)&gt;
	at org.junit.Assert.fail(Assert.java:89)
	at org.junit.Assert.assertTrue(Assert.java:42)
	at org.hyperskill.photoeditor.internals.PhotoEditorUnitTest.assertColorsValues(PhotoEditorUnitTest.kt:107)
	at org.hyperskill.photoeditor.Stage4UnitTest$test07_checkBrightnessBeforeContrastWiderSample$1.invoke(Stage4UnitTest.kt:191)
	at org.hyperskill.photoeditor.Stage4UnitTest$test07_checkBrightnessBeforeContrastWiderSample$1.invoke(Stage4UnitTest.kt:148)
	at org.hyperskill.photoeditor.internals.AbstractUnitTest.testActivity(AbstractUnitTest.kt:94)
	at org.hyperskill.photoeditor.internals.AbstractUnitTest.testActivity$default(AbstractUnitTest.kt:77)
	at org.hyperskill.photoeditor.Stage4UnitTest.test07_checkBrightnessBeforeContrastWiderSample(Stage4UnitTest.kt:148)
	at java.base/jdk.internal.reflect.DirectMethodHandleAccessor.invoke(DirectMethodHandleAccessor.java:103)
	at java.base/java.lang.reflect.Method.invoke(Method.java:580)
	at org.junit.runners.model.FrameworkMethod$1.runReflectiveCall(FrameworkMethod.java:59)
	at org.junit.internal.runners.model.ReflectiveCallable.run(ReflectiveCallable.java:12)
	at org.junit.runners.model.FrameworkMethod.invokeExplosively(FrameworkMethod.java:56)
	at org.junit.internal.runners.statements.InvokeMethod.evaluate(InvokeMethod.java:17)
	at org.junit.runners.ParentRunner$3.evaluate(ParentRunner.java:306)
	at org.robolectric.RobolectricTestRunner$HelperTestRunner$1.evaluate(RobolectricTestRunner.java:502)
	at org.robolectric.internal.SandboxTestRunner$2.lambda$evaluate$2(SandboxTestRunner.java:285)
	at org.robolectric.internal.bytecode.Sandbox.lambda$runOnMainThread$0(Sandbox.java:104)
	at java.base/java.util.concurrent.FutureTask.run(FutureTask.java:317)
	at java.base/java.util.concurrent.ThreadPoolExecutor.runWorker(ThreadPoolExecutor.java:1144)
	at java.base/java.util.concurrent.ThreadPoolExecutor$Worker.run(ThreadPoolExecutor.java:642)
	at java.base/java.lang.Thread.run(Thread.java:1583)
</failure>
  </testcase>
  <testcase name="test08_checkContrastBeforeBrightnessWithHint" classname="org.hyperskill.photoeditor.Stage4UnitTest" time="0.304">
    <failure message="java.lang.AssertionError: Wrong values after filters been applied.  Order of slider events should not matter. For x=90, y=80, avgBrightness=70, cAlpha=2.2903 expected: &lt;(70, 138, 207)&gt; actual: &lt;(70, 100, 130)&gt;" type="java.lang.AssertionError">java.lang.AssertionError: Wrong values after filters been applied.  Order of slider events should not matter. For x=90, y=80, avgBrightness=70, cAlpha=2.2903 expected: &lt;(70, 138, 207)&gt; actual: &lt;(70, 100, 130)&gt;
	at org.junit.Assert.fail(Assert.java:89)
	at org.junit.Assert.assertTrue(Assert.java:42)
	at org.hyperskill.photoeditor.internals.PhotoEditorUnitTest.assertColorsValues(PhotoEditorUnitTest.kt:107)
	at org.hyperskill.photoeditor.Stage4UnitTest$test08_checkContrastBeforeBrightnessWithHint$1.invoke(Stage4UnitTest.kt:221)
	at org.hyperskill.photoeditor.Stage4UnitTest$test08_checkContrastBeforeBrightnessWithHint$1.invoke(Stage4UnitTest.kt:201)
	at org.hyperskill.photoeditor.internals.AbstractUnitTest.testActivity(AbstractUnitTest.kt:94)
	at org.hyperskill.photoeditor.internals.AbstractUnitTest.testActivity$default(AbstractUnitTest.kt:77)
	at org.hyperskill.photoeditor.Stage4UnitTest.test08_checkContrastBeforeBrightnessWithHint(Stage4UnitTest.kt:201)
	at java.base/jdk.internal.reflect.DirectMethodHandleAccessor.invoke(DirectMethodHandleAccessor.java:103)
	at java.base/java.lang.reflect.Method.invoke(Method.java:580)
	at org.junit.runners.model.FrameworkMethod$1.runReflectiveCall(FrameworkMethod.java:59)
	at org.junit.internal.runners.model.ReflectiveCallable.run(ReflectiveCallable.java:12)
	at org.junit.runners.model.FrameworkMethod.invokeExplosively(FrameworkMethod.java:56)
	at org.junit.internal.runners.statements.InvokeMethod.evaluate(InvokeMethod.java:17)
	at org.junit.runners.ParentRunner$3.evaluate(ParentRunner.java:306)
	at org.robolectric.RobolectricTestRunner$HelperTestRunner$1.evaluate(RobolectricTestRunner.java:502)
	at org.robolectric.internal.SandboxTestRunner$2.lambda$evaluate$2(SandboxTestRunner.java:285)
	at org.robolectric.internal.bytecode.Sandbox.lambda$runOnMainThread$0(Sandbox.java:104)
	at java.base/java.util.concurrent.FutureTask.run(FutureTask.java:317)
	at java.base/java.util.concurrent.ThreadPoolExecutor.runWorker(ThreadPoolExecutor.java:1144)
	at java.base/java.util.concurrent.ThreadPoolExecutor$Worker.run(ThreadPoolExecutor.java:642)
	at java.base/java.lang.Thread.run(Thread.java:1583)
</failure>
  </testcase>
  <testcase name="test09_checkContrastBeforeBrightnessWithoutHint" classname="org.hyperskill.photoeditor.Stage4UnitTest" time="0.331">
    <failure message="java.lang.AssertionError: Wrong values after filters been applied.  Order of slider events should not matter. For x=90, y=80 expected: &lt;(141, 210, 255)&gt; actual: &lt;(140, 170, 200)&gt;" type="java.lang.AssertionError">java.lang.AssertionError: Wrong values after filters been applied.  Order of slider events should not matter. For x=90, y=80 expected: &lt;(141, 210, 255)&gt; actual: &lt;(140, 170, 200)&gt;
	at org.junit.Assert.fail(Assert.java:89)
	at org.junit.Assert.assertTrue(Assert.java:42)
	at org.hyperskill.photoeditor.internals.PhotoEditorUnitTest.assertColorsValues(PhotoEditorUnitTest.kt:107)
	at org.hyperskill.photoeditor.Stage4UnitTest$test09_checkContrastBeforeBrightnessWithoutHint$1.invoke(Stage4UnitTest.kt:248)
	at org.hyperskill.photoeditor.Stage4UnitTest$test09_checkContrastBeforeBrightnessWithoutHint$1.invoke(Stage4UnitTest.kt:228)
	at org.hyperskill.photoeditor.internals.AbstractUnitTest.testActivity(AbstractUnitTest.kt:94)
	at org.hyperskill.photoeditor.internals.AbstractUnitTest.testActivity$default(AbstractUnitTest.kt:77)
	at org.hyperskill.photoeditor.Stage4UnitTest.test09_checkContrastBeforeBrightnessWithoutHint(Stage4UnitTest.kt:228)
	at java.base/jdk.internal.reflect.DirectMethodHandleAccessor.invoke(DirectMethodHandleAccessor.java:103)
	at java.base/java.lang.reflect.Method.invoke(Method.java:580)
	at org.junit.runners.model.FrameworkMethod$1.runReflectiveCall(FrameworkMethod.java:59)
	at org.junit.internal.runners.model.ReflectiveCallable.run(ReflectiveCallable.java:12)
	at org.junit.runners.model.FrameworkMethod.invokeExplosively(FrameworkMethod.java:56)
	at org.junit.internal.runners.statements.InvokeMethod.evaluate(InvokeMethod.java:17)
	at org.junit.runners.ParentRunner$3.evaluate(ParentRunner.java:306)
	at org.robolectric.RobolectricTestRunner$HelperTestRunner$1.evaluate(RobolectricTestRunner.java:502)
	at org.robolectric.internal.SandboxTestRunner$2.lambda$evaluate$2(SandboxTestRunner.java:285)
	at org.robolectric.internal.bytecode.Sandbox.lambda$runOnMainThread$0(Sandbox.java:104)
	at java.base/java.util.concurrent.FutureTask.run(FutureTask.java:317)
	at java.base/java.util.concurrent.ThreadPoolExecutor.runWorker(ThreadPoolExecutor.java:1144)
	at java.base/java.util.concurrent.ThreadPoolExecutor$Worker.run(ThreadPoolExecutor.java:642)
	at java.base/java.lang.Thread.run(Thread.java:1583)
</failure>
  </testcase>
  <system-out><![CDATA[]]></system-out>
  <system-err><![CDATA[]]></system-err>
</testsuite>
