<?xml version="1.0" encoding="UTF-8"?>
<testsuite name="org.hyperskill.photoeditor.Stage4UnitTest" tests="9" skipped="0" failures="3" errors="0" timestamp="2025-01-13T12:01:44" hostname="MacBook-Air-Wioleta.local" time="5.588">
  <properties/>
  <testcase name="test01_checkSliderContrast" classname="org.hyperskill.photoeditor.Stage4UnitTest" time="3.432"/>
  <testcase name="test02_checkSliderContrastNotCrashingByDefault" classname="org.hyperskill.photoeditor.Stage4UnitTest" time="0.125"/>
  <testcase name="test03_checkContrastOnlyWithHint" classname="org.hyperskill.photoeditor.Stage4UnitTest" time="0.291"/>
  <testcase name="test04_checkContrastOnlyWithoutHint" classname="org.hyperskill.photoeditor.Stage4UnitTest" time="0.294"/>
  <testcase name="test05_checkBrightnessBeforeContrastWithHint" classname="org.hyperskill.photoeditor.Stage4UnitTest" time="0.323">
    <failure message="java.lang.AssertionError: Wrong values after filters been applied. For x=90, y=80, avgBrightness=139, cAlpha=0.5223 expected: &lt;(139, 155, 170)&gt; actual: &lt;(136, 151, 167)&gt;" type="java.lang.AssertionError">java.lang.AssertionError: Wrong values after filters been applied. For x=90, y=80, avgBrightness=139, cAlpha=0.5223 expected: &lt;(139, 155, 170)&gt; actual: &lt;(136, 151, 167)&gt;
	at org.junit.Assert.fail(Assert.java:89)
	at org.junit.Assert.assertTrue(Assert.java:42)
	at org.hyperskill.photoeditor.internals.PhotoEditorUnitTest.assertColorsValues(PhotoEditorUnitTest.kt:107)
	at org.hyperskill.photoeditor.Stage4UnitTest$test05_checkBrightnessBeforeContrastWithHint$1.invoke(Stage4UnitTest.kt:119)
	at org.hyperskill.photoeditor.Stage4UnitTest$test05_checkBrightnessBeforeContrastWithHint$1.invoke(Stage4UnitTest.kt:101)
	at org.hyperskill.photoeditor.internals.AbstractUnitTest.testActivity(AbstractUnitTest.kt:94)
	at org.hyperskill.photoeditor.internals.AbstractUnitTest.testActivity$default(AbstractUnitTest.kt:77)
	at org.hyperskill.photoeditor.Stage4UnitTest.test05_checkBrightnessBeforeContrastWithHint(Stage4UnitTest.kt:101)
	at java.base/jdk.internal.reflect.DirectMethodHandleAccessor.invoke(DirectMethodHandleAccessor.java:103)
	at java.base/java.lang.reflect.Method.invoke(Method.java:580)
	at org.junit.runners.model.FrameworkMethod$1.runReflectiveCall(FrameworkMethod.java:59)
	at org.junit.internal.runners.model.ReflectiveCallable.run(ReflectiveCallable.java:12)
	at org.junit.runners.model.FrameworkMethod.invokeExplosively(FrameworkMethod.java:56)
	at org.junit.internal.runners.statements.InvokeMethod.evaluate(InvokeMethod.java:17)
	at org.junit.runners.ParentRunner$3.evaluate(ParentRunner.java:306)
	at org.robolectric.RobolectricTestRunner$HelperTestRunner$1.evaluate(RobolectricTestRunner.java:502)
	at org.robolectric.internal.SandboxTestRunner$2.lambda$evaluate$2(SandboxTestRunner.java:285)
	at org.robolectric.internal.bytecode.Sandbox.lambda$runOnMainThread$0(Sandbox.java:104)
	at java.base/java.util.concurrent.FutureTask.run(FutureTask.java:317)
	at java.base/java.util.concurrent.ThreadPoolExecutor.runWorker(ThreadPoolExecutor.java:1144)
	at java.base/java.util.concurrent.ThreadPoolExecutor$Worker.run(ThreadPoolExecutor.java:642)
	at java.base/java.lang.Thread.run(Thread.java:1583)
</failure>
  </testcase>
  <testcase name="test06_checkBrightnessBeforeContrastWithoutHint" classname="org.hyperskill.photoeditor.Stage4UnitTest" time="0.293">
    <failure message="java.lang.AssertionError: Wrong values after filters been applied. For x=90, y=80 expected: &lt;(149, 177, 205)&gt; actual: &lt;(131, 159, 186)&gt;" type="java.lang.AssertionError">java.lang.AssertionError: Wrong values after filters been applied. For x=90, y=80 expected: &lt;(149, 177, 205)&gt; actual: &lt;(131, 159, 186)&gt;
	at org.junit.Assert.fail(Assert.java:89)
	at org.junit.Assert.assertTrue(Assert.java:42)
	at org.hyperskill.photoeditor.internals.PhotoEditorUnitTest.assertColorsValues(PhotoEditorUnitTest.kt:106)
	at org.hyperskill.photoeditor.Stage4UnitTest$test06_checkBrightnessBeforeContrastWithoutHint$1.invoke(Stage4UnitTest.kt:142)
	at org.hyperskill.photoeditor.Stage4UnitTest$test06_checkBrightnessBeforeContrastWithoutHint$1.invoke(Stage4UnitTest.kt:125)
	at org.hyperskill.photoeditor.internals.AbstractUnitTest.testActivity(AbstractUnitTest.kt:94)
	at org.hyperskill.photoeditor.internals.AbstractUnitTest.testActivity$default(AbstractUnitTest.kt:77)
	at org.hyperskill.photoeditor.Stage4UnitTest.test06_checkBrightnessBeforeContrastWithoutHint(Stage4UnitTest.kt:125)
	at java.base/jdk.internal.reflect.DirectMethodHandleAccessor.invoke(DirectMethodHandleAccessor.java:103)
	at java.base/java.lang.reflect.Method.invoke(Method.java:580)
	at org.junit.runners.model.FrameworkMethod$1.runReflectiveCall(FrameworkMethod.java:59)
	at org.junit.internal.runners.model.ReflectiveCallable.run(ReflectiveCallable.java:12)
	at org.junit.runners.model.FrameworkMethod.invokeExplosively(FrameworkMethod.java:56)
	at org.junit.internal.runners.statements.InvokeMethod.evaluate(InvokeMethod.java:17)
	at org.junit.runners.ParentRunner$3.evaluate(ParentRunner.java:306)
	at org.robolectric.RobolectricTestRunner$HelperTestRunner$1.evaluate(RobolectricTestRunner.java:502)
	at org.robolectric.internal.SandboxTestRunner$2.lambda$evaluate$2(SandboxTestRunner.java:285)
	at org.robolectric.internal.bytecode.Sandbox.lambda$runOnMainThread$0(Sandbox.java:104)
	at java.base/java.util.concurrent.FutureTask.run(FutureTask.java:317)
	at java.base/java.util.concurrent.ThreadPoolExecutor.runWorker(ThreadPoolExecutor.java:1144)
	at java.base/java.util.concurrent.ThreadPoolExecutor$Worker.run(ThreadPoolExecutor.java:642)
	at java.base/java.lang.Thread.run(Thread.java:1583)
</failure>
  </testcase>
  <testcase name="test07_checkBrightnessBeforeContrastWiderSample" classname="org.hyperskill.photoeditor.Stage4UnitTest" time="0.286">
    <failure message="java.lang.AssertionError: Wrong values after filters been applied. For x=10, y=40 expected: &lt;(0, 118, 232)&gt; actual: &lt;(0, 108, 222)&gt;" type="java.lang.AssertionError">java.lang.AssertionError: Wrong values after filters been applied. For x=10, y=40 expected: &lt;(0, 118, 232)&gt; actual: &lt;(0, 108, 222)&gt;
	at org.junit.Assert.fail(Assert.java:89)
	at org.junit.Assert.assertTrue(Assert.java:42)
	at org.hyperskill.photoeditor.internals.PhotoEditorUnitTest.assertColorsValues(PhotoEditorUnitTest.kt:107)
	at org.hyperskill.photoeditor.Stage4UnitTest$test07_checkBrightnessBeforeContrastWiderSample$1.invoke(Stage4UnitTest.kt:191)
	at org.hyperskill.photoeditor.Stage4UnitTest$test07_checkBrightnessBeforeContrastWiderSample$1.invoke(Stage4UnitTest.kt:148)
	at org.hyperskill.photoeditor.internals.AbstractUnitTest.testActivity(AbstractUnitTest.kt:94)
	at org.hyperskill.photoeditor.internals.AbstractUnitTest.testActivity$default(AbstractUnitTest.kt:77)
	at org.hyperskill.photoeditor.Stage4UnitTest.test07_checkBrightnessBeforeContrastWiderSample(Stage4UnitTest.kt:148)
	at java.base/jdk.internal.reflect.DirectMethodHandleAccessor.invoke(DirectMethodHandleAccessor.java:103)
	at java.base/java.lang.reflect.Method.invoke(Method.java:580)
	at org.junit.runners.model.FrameworkMethod$1.runReflectiveCall(FrameworkMethod.java:59)
	at org.junit.internal.runners.model.ReflectiveCallable.run(ReflectiveCallable.java:12)
	at org.junit.runners.model.FrameworkMethod.invokeExplosively(FrameworkMethod.java:56)
	at org.junit.internal.runners.statements.InvokeMethod.evaluate(InvokeMethod.java:17)
	at org.junit.runners.ParentRunner$3.evaluate(ParentRunner.java:306)
	at org.robolectric.RobolectricTestRunner$HelperTestRunner$1.evaluate(RobolectricTestRunner.java:502)
	at org.robolectric.internal.SandboxTestRunner$2.lambda$evaluate$2(SandboxTestRunner.java:285)
	at org.robolectric.internal.bytecode.Sandbox.lambda$runOnMainThread$0(Sandbox.java:104)
	at java.base/java.util.concurrent.FutureTask.run(FutureTask.java:317)
	at java.base/java.util.concurrent.ThreadPoolExecutor.runWorker(ThreadPoolExecutor.java:1144)
	at java.base/java.util.concurrent.ThreadPoolExecutor$Worker.run(ThreadPoolExecutor.java:642)
	at java.base/java.lang.Thread.run(Thread.java:1583)
</failure>
  </testcase>
  <testcase name="test08_checkContrastBeforeBrightnessWithHint" classname="org.hyperskill.photoeditor.Stage4UnitTest" time="0.279"/>
  <testcase name="test09_checkContrastBeforeBrightnessWithoutHint" classname="org.hyperskill.photoeditor.Stage4UnitTest" time="0.263"/>
  <system-out><![CDATA[]]></system-out>
  <system-err><![CDATA[]]></system-err>
</testsuite>
