<?xml version="1.0" encoding="UTF-8"?>
<testsuite name="org.hyperskill.photoeditor.Stage3UnitTest" tests="4" skipped="0" failures="0" errors="0" timestamp="2025-01-13T12:01:51" hostname="MacBook-Air-Wioleta.local" time="0.245">
  <properties/>
  <testcase name="test01_checkButtonSave" classname="org.hyperskill.photoeditor.Stage3UnitTest" time="0.043"/>
  <testcase name="test02_checkPermissionWasAsked" classname="org.hyperskill.photoeditor.Stage3UnitTest" time="0.049"/>
  <testcase name="test03_checkBitmapIsSaved" classname="org.hyperskill.photoeditor.Stage3UnitTest" time="0.081"/>
  <testcase name="test04_checkBitmapIsSavedAfterPermissionIsGranted" classname="org.hyperskill.photoeditor.Stage3UnitTest" time="0.072"/>
  <system-out><![CDATA[]]></system-out>
  <system-err><![CDATA[]]></system-err>
</testsuite>
