<?xml version="1.0" encoding="UTF-8"?>
<testsuite name="org.hyperskill.photoeditor.Stage1UnitTest" tests="4" skipped="0" failures="0" errors="0" timestamp="2025-01-15T20:13:23" hostname="MacBook-Air-Wioleta.local" time="0.233">
  <properties/>
  <testcase name="test01_checkImageView" classname="org.hyperskill.photoeditor.Stage1UnitTest" time="0.048"/>
  <testcase name="test02_checkButtonGallery" classname="org.hyperskill.photoeditor.Stage1UnitTest" time="0.056"/>
  <testcase name="test03_checkButtonOpensGallery" classname="org.hyperskill.photoeditor.Stage1UnitTest" time="0.067"/>
  <testcase name="test04_checkButtonLoadsImage" classname="org.hyperskill.photoeditor.Stage1UnitTest" time="0.062"/>
  <system-out><![CDATA[]]></system-out>
  <system-err><![CDATA[]]></system-err>
</testsuite>
